[20Apr2025 00:02:01.856] [Server thread/INFO] [net.minecraft.server.players.PlayerList/]: Luctiha[/100.108.11.48:55895] logged in with entity id 677 at (-1.5, 93.0, 2.5)
[20Apr2025 00:02:01.876] [Server thread/INFO] [net.minecraft.server.MinecraftServer/]: Luctiha joined the game
[20Apr2025 00:02:03.925] [Server thread/INFO] [voicechat/]: [voicechat] Received secret request of Luctiha (18)
[20Apr2025 00:02:03.926] [Server thread/INFO] [voicechat/]: [voicechat] Sent secret to Luctiha
[20Apr2025 00:02:22.529] [VoiceChatPacketProcessingThread/INFO] [voicechat/]: [voicechat] Successfully authenticated player a557cebf-a088-31ae-9d1e-24f66c85b3a1
[20Apr2025 00:02:23.358] [VoiceChatPacketProcessingThread/INFO] [voicechat/]: [voicechat] Successfully validated connection of player a557cebf-a088-31ae-9d1e-24f66c85b3a1
[20Apr2025 00:02:23.359] [VoiceChatPacketProcessingThread/INFO] [voicechat/]: [voicechat] Player Luctiha (a557cebf-a088-31ae-9d1e-24f66c85b3a1) successfully connected to voice chat
[20Apr2025 00:02:24.500] [Server thread/INFO] [net.minecraft.server.network.ServerGamePacketListenerImpl/]: Luctiha lost connection: Disconnected
[20Apr2025 00:02:24.501] [Server thread/INFO] [net.minecraft.server.MinecraftServer/]: Luctiha left the game
[20Apr2025 00:02:24.501] [Server thread/INFO] [voicechat/]: [voicechat] Disconnecting client Luctiha
[20Apr2025 00:08:58.356] [Server thread/INFO] [net.minecraft.server.MinecraftServer/]: [iMapaxeSF: Removed 3 item(s) from player iMapaxeSF]
[20Apr2025 00:09:00.832] [Server thread/INFO] [net.minecraft.server.MinecraftServer/]: iMapaxeSF is incapacitated!
[20Apr2025 00:09:00.834] [Server thread/INFO] [net.minecraft.server.MinecraftServer/]: [iMapaxeSF: Killed iMapaxeSF]
[20Apr2025 00:09:15.833] [Server thread/INFO] [net.minecraft.server.MinecraftServer/]: iMapaxeSF is incapacitated!
[20Apr2025 00:09:15.834] [Server thread/INFO] [net.minecraft.server.MinecraftServer/]: [iMapaxeSF: Killed iMapaxeSF]
[20Apr2025 00:09:16.771] [Server thread/INFO] [net.minecraft.server.MinecraftServer/]: iMapaxeSF was killed
[20Apr2025 00:09:16.773] [Server thread/INFO] [net.minecraft.server.MinecraftServer/]: [iMapaxeSF: Killed iMapaxeSF]
[20Apr2025 00:11:49.647] [Server thread/INFO] [net.minecraft.server.network.ServerGamePacketListenerImpl/]: iMapaxeSF lost connection: Disconnected
[20Apr2025 00:11:49.648] [Server thread/INFO] [net.minecraft.server.MinecraftServer/]: iMapaxeSF left the game
[20Apr2025 00:11:49.648] [Server thread/INFO] [voicechat/]: [voicechat] Disconnecting client iMapaxeSF
[20Apr2025 00:11:49.696] [Server thread/WARN] [net.minecraft.network.Connection/]: handleDisconnection() called twice
